2026-04-06 16:21:51 | INFO | eta=-- | pipeline | Starting defect detection baseline pipeline
2026-04-06 16:21:51 | INFO | eta=-- | pipeline | Logging to C:\Users\Darsh\OneDrive\Desktop\full stack\mini-project\logs\pipeline.log
2026-04-06 16:21:51 | INFO | eta=-- | src.data | Loading parquet dataset from C:\Users\Darsh\OneDrive\Desktop\full stack\mini-project\dataset_V2.parquet
2026-04-06 16:21:55 | INFO | eta=-- | src.data | Detected 58 tabular columns, 74 time-series columns, and 8 label columns
2026-04-06 16:21:55 | INFO | eta=-- | src.data | Dataset summary: {'rows': 564, 'columns': 364, 'target_distribution': {'0': 409, '1': 155}, 'top_missing_ratio': {'DRY_acComp1TotalWeight': 0.723404255319149, 'DRY_acComp1DosRate': 0.723404255319149, 'DRY_acBatchCounter': 0.723404255319149, 'CV_Image4Name': 0.723404255319149, 'CV_Width': 0.723404255319149, 'DRY_acRegCircuitInletTemp': 0.723404255319149, 'SET_BackPressure': 0.723404255319149, 'DRY_acWeight': 0.723404255319149, 'DRY_acTotalWeight': 0.723404255319149, 'DRY_acDryCircuitDewPoint': 0.723404255319149, 'SIM_TotalWeight': 0.6382978723404256, 'SIM_InjectionPressureMax': 0.6382978723404256, 'SIM_TempGradVerStd': 0.6382978723404256, 'SIM_FlowRateMax': 0.6382978723404256, 'SIM_FlowRateArea': 0.6382978723404256}}
2026-04-06 16:21:55 | INFO | eta=-- | src.data | Sequence length stats based on DXP_Inj1PrsAct: {'min': 8041, 'max': 12079, 'median': 11387.0, 'mean': 10989.260638297872}
2026-04-06 16:22:01 | INFO | eta=-- | src.features | Created 444 engineered time-series features from 74 DXP signals
2026-04-06 16:22:01 | INFO | eta=-- | src.features | Combined feature matrix shape: (564, 502)
2026-04-06 16:22:01 | INFO | eta=-- | src.features | Prepared train/test split with train shape (451, 502) and test shape (113, 502)
2026-04-06 16:22:03 | INFO | eta=-- | src.modeling | Finished XGBoost training
2026-04-06 16:22:03 | INFO | eta=-- | pipeline | Saved trained model to C:\Users\Darsh\OneDrive\Desktop\full stack\mini-project\artifacts\xgboost_baseline.json
2026-04-06 16:22:03 | INFO | eta=-- | src.modeling | Evaluation metrics | accuracy=1.0000 precision=1.0000 recall=1.0000 f1=1.0000
2026-04-06 16:22:03 | INFO | eta=-- | src.modeling | Saved metrics to C:\Users\Darsh\OneDrive\Desktop\full stack\mini-project\artifacts\metrics.json
2026-04-06 16:22:03 | INFO | eta=-- | src.modeling | Saved test predictions to C:\Users\Darsh\OneDrive\Desktop\full stack\mini-project\artifacts\test_predictions.csv
2026-04-06 16:22:03 | INFO | eta=-- | pipeline | Saved run metadata to C:\Users\Darsh\OneDrive\Desktop\full stack\mini-project\artifacts\run_metadata.json
2026-04-06 16:22:04 | INFO | eta=-- | src.visualization | Saved confusion matrix plot to C:\Users\Darsh\OneDrive\Desktop\full stack\mini-project\plots\confusion_matrix.png
2026-04-06 16:22:05 | INFO | eta=-- | src.visualization | Saved feature importance plot to C:\Users\Darsh\OneDrive\Desktop\full stack\mini-project\plots\feature_importance.png
2026-04-06 16:22:06 | INFO | eta=-- | src.visualization | Saved performance metrics plot to C:\Users\Darsh\OneDrive\Desktop\full stack\mini-project\plots\performance_metrics.png
2026-04-06 16:22:06 | INFO | eta=-- | pipeline | Classification report:
              precision  recall  f1-score  support
0                   1.0     1.0       1.0     82.0
1                   1.0     1.0       1.0     31.0
accuracy            1.0     1.0       1.0      1.0
macro avg           1.0     1.0       1.0    113.0
weighted avg        1.0     1.0       1.0    113.0
2026-04-06 16:22:06 | INFO | eta=-- | pipeline | Pipeline completed successfully
2026-04-06 16:23:10 | INFO | eta=-- | pipeline | Starting defect detection baseline pipeline
2026-04-06 16:23:10 | INFO | eta=-- | pipeline | Logging to C:\Users\Darsh\OneDrive\Desktop\full stack\mini-project\logs\pipeline.log
2026-04-06 16:23:10 | INFO | eta=-- | src.data | Loading parquet dataset from C:\Users\Darsh\OneDrive\Desktop\full stack\mini-project\dataset_V2.parquet
2026-04-06 16:23:11 | INFO | eta=-- | src.data | Detected 58 tabular columns, 74 time-series columns, and 8 label columns
2026-04-06 16:23:11 | INFO | eta=-- | src.data | Dataset summary: {'rows': 564, 'columns': 364, 'target_distribution': {'0': 409, '1': 155}, 'top_missing_ratio': {'DRY_acComp1TotalWeight': 0.723404255319149, 'DRY_acComp1DosRate': 0.723404255319149, 'DRY_acBatchCounter': 0.723404255319149, 'CV_Image4Name': 0.723404255319149, 'CV_Width': 0.723404255319149, 'DRY_acRegCircuitInletTemp': 0.723404255319149, 'SET_BackPressure': 0.723404255319149, 'DRY_acWeight': 0.723404255319149, 'DRY_acTotalWeight': 0.723404255319149, 'DRY_acDryCircuitDewPoint': 0.723404255319149, 'SIM_TotalWeight': 0.6382978723404256, 'SIM_InjectionPressureMax': 0.6382978723404256, 'SIM_TempGradVerStd': 0.6382978723404256, 'SIM_FlowRateMax': 0.6382978723404256, 'SIM_FlowRateArea': 0.6382978723404256}}
2026-04-06 16:23:11 | INFO | eta=-- | src.data | Sequence length stats based on DXP_Inj1PrsAct: {'min': 8041, 'max': 12079, 'median': 11387.0, 'mean': 10989.260638297872}
2026-04-06 16:23:17 | INFO | eta=-- | src.features | Created 444 engineered time-series features from 74 DXP signals
2026-04-06 16:23:17 | INFO | eta=-- | src.features | Combined feature matrix shape: (564, 502)
2026-04-06 16:23:17 | INFO | eta=-- | src.features | Prepared train/test split with train shape (451, 502) and test shape (113, 502)
2026-04-06 16:23:19 | INFO | eta=-- | src.modeling | Finished XGBoost training
2026-04-06 16:23:19 | INFO | eta=-- | pipeline | Saved trained model to C:\Users\Darsh\OneDrive\Desktop\full stack\mini-project\artifacts\xgboost_baseline.json
2026-04-06 16:23:19 | INFO | eta=-- | src.modeling | Evaluation metrics | accuracy=1.0000 precision=1.0000 recall=1.0000 f1=1.0000
2026-04-06 16:23:19 | INFO | eta=-- | src.modeling | Saved metrics to C:\Users\Darsh\OneDrive\Desktop\full stack\mini-project\artifacts\metrics.json
2026-04-06 16:23:20 | INFO | eta=-- | src.modeling | Saved test predictions to C:\Users\Darsh\OneDrive\Desktop\full stack\mini-project\artifacts\test_predictions.csv
2026-04-06 16:23:20 | INFO | eta=-- | pipeline | Saved run metadata to C:\Users\Darsh\OneDrive\Desktop\full stack\mini-project\artifacts\run_metadata.json
2026-04-06 16:23:20 | INFO | eta=-- | src.visualization | Saved confusion matrix plot to C:\Users\Darsh\OneDrive\Desktop\full stack\mini-project\plots\confusion_matrix.png
2026-04-06 16:23:21 | INFO | eta=-- | src.visualization | Saved feature importance plot to C:\Users\Darsh\OneDrive\Desktop\full stack\mini-project\plots\feature_importance.png
2026-04-06 16:23:22 | INFO | eta=-- | src.visualization | Saved performance metrics plot to C:\Users\Darsh\OneDrive\Desktop\full stack\mini-project\plots\performance_metrics.png
2026-04-06 16:23:22 | INFO | eta=-- | pipeline | Classification report:
              precision  recall  f1-score  support
0                   1.0     1.0       1.0     82.0
1                   1.0     1.0       1.0     31.0
accuracy            1.0     1.0       1.0      1.0
macro avg           1.0     1.0       1.0    113.0
weighted avg        1.0     1.0       1.0    113.0
2026-04-06 16:23:22 | INFO | eta=-- | pipeline | Pipeline completed successfully
